Using pre-set license
Built from '2021.3/staging' branch; Version is '2021.3.16f1 (4016570cf34f) revision 4200023'; Using compiler version '192829333'; Build Type 'Release'
OS: 'Windows 10  (10.0.19045) 64bit Professional' Language: 'es' Physical Memory: 32471 MB
BatchMode: 1, IsHumanControllingUs: 0, StartBugReporterOnCrash: 0, Is64bit: 1, IsPro: 1

COMMAND LINE ARGUMENTS:
C:\Program Files\Unity\Hub\Editor\2021.3.16f1\Editor\Unity.exe
-adb2
-batchMode
-noUpm
-name
AssetImportWorker0
-projectPath
C:/Users/astro/Documents/GitHub/AudioCITM/Audio
-logFile
Logs/AssetImportWorker0.log
-srvPort
64393
Successfully changed project path to: C:/Users/astro/Documents/GitHub/AudioCITM/Audio
C:/Users/astro/Documents/GitHub/AudioCITM/Audio
[UnityMemory] Configuration Parameters - Can be set up in boot.config
    "memorysetup-bucket-allocator-granularity=16"
    "memorysetup-bucket-allocator-bucket-count=8"
    "memorysetup-bucket-allocator-block-size=33554432"
    "memorysetup-bucket-allocator-block-count=8"
    "memorysetup-main-allocator-block-size=16777216"
    "memorysetup-thread-allocator-block-size=16777216"
    "memorysetup-gfx-main-allocator-block-size=16777216"
    "memorysetup-gfx-thread-allocator-block-size=16777216"
    "memorysetup-cache-allocator-block-size=4194304"
    "memorysetup-typetree-allocator-block-size=2097152"
    "memorysetup-profiler-bucket-allocator-granularity=16"
    "memorysetup-profiler-bucket-allocator-bucket-count=8"
    "memorysetup-profiler-bucket-allocator-block-size=33554432"
    "memorysetup-profiler-bucket-allocator-block-count=8"
    "memorysetup-profiler-allocator-block-size=16777216"
    "memorysetup-profiler-editor-allocator-block-size=1048576"
    "memorysetup-temp-allocator-size-main=16777216"
    "memorysetup-job-temp-allocator-block-size=2097152"
    "memorysetup-job-temp-allocator-block-size-background=1048576"
    "memorysetup-job-temp-allocator-reduction-small-platforms=262144"
    "memorysetup-temp-allocator-size-background-worker=32768"
    "memorysetup-temp-allocator-size-job-worker=262144"
    "memorysetup-temp-allocator-size-preload-manager=33554432"
    "memorysetup-temp-allocator-size-nav-mesh-worker=65536"
    "memorysetup-temp-allocator-size-audio-worker=65536"
    "memorysetup-temp-allocator-size-cloud-worker=32768"
    "memorysetup-temp-allocator-size-gi-baking-worker=262144"
    "memorysetup-temp-allocator-size-gfx=262144"
Player connection [26288] Host "[IP] 192.168.1.40 [Port] 0 [Flags] 2 [Guid] 2860678761 [EditorId] 2860678761 [Version] 1048832 [Id] WindowsEditor(7,MSIAdrian) [Debug] 1 [PackageName] WindowsEditor [ProjectName] Editor" joined multi-casting on [225.0.0.222:54997]...

Player connection [26288] Host "[IP] 192.168.1.40 [Port] 0 [Flags] 2 [Guid] 2860678761 [EditorId] 2860678761 [Version] 1048832 [Id] WindowsEditor(7,MSIAdrian) [Debug] 1 [PackageName] WindowsEditor [ProjectName] Editor" joined alternative multi-casting on [225.0.0.222:34997]...

Refreshing native plugins compatible for Editor in 155.56 ms, found 3 plugins.
Preloading 0 native plugins for Editor in 0.00 ms.
Initialize engine version: 2021.3.16f1 (4016570cf34f)
[Subsystems] Discovering subsystems at path C:/Program Files/Unity/Hub/Editor/2021.3.16f1/Editor/Data/Resources/UnitySubsystems
[Subsystems] Discovering subsystems at path C:/Users/astro/Documents/GitHub/AudioCITM/Audio/Assets
GfxDevice: creating device client; threaded=0; jobified=0
Direct3D:
    Version:  Direct3D 11.0 [level 11.1]
    Renderer: NVIDIA GeForce RTX 3070 Laptop GPU (ID=0x249d)
    Vendor:   NVIDIA
    VRAM:     8033 MB
    Driver:   31.0.15.2802
Initialize mono
Mono path[0] = 'C:/Program Files/Unity/Hub/Editor/2021.3.16f1/Editor/Data/Managed'
Mono path[1] = 'C:/Program Files/Unity/Hub/Editor/2021.3.16f1/Editor/Data/MonoBleedingEdge/lib/mono/unityjit-win32'
Mono config path = 'C:/Program Files/Unity/Hub/Editor/2021.3.16f1/Editor/Data/MonoBleedingEdge/etc'
Using monoOptions --debugger-agent=transport=dt_socket,embedding=1,server=y,suspend=n,address=127.0.0.1:56744
Begin MonoManager ReloadAssembly
Registering precompiled unity dll's ...
Register platform support module: C:/Program Files/Unity/Hub/Editor/2021.3.16f1/Editor/Data/PlaybackEngines/WebGLSupport/UnityEditor.WebGL.Extensions.dll
Register platform support module: C:/Program Files/Unity/Hub/Editor/2021.3.16f1/Editor/Data/PlaybackEngines/WindowsStandaloneSupport/UnityEditor.WindowsStandalone.Extensions.dll
Registered in 0.013471 seconds.
Native extension for WindowsStandalone target not found
Native extension for WebGL target not found
Refreshing native plugins compatible for Editor in 113.60 ms, found 3 plugins.
Preloading 0 native plugins for Editor in 0.00 ms.
Mono: successfully reloaded assembly
- Completed reload, in  0.936 seconds
Domain Reload Profiling:
	ReloadAssembly (937ms)
		BeginReloadAssembly (107ms)
			ExecutionOrderSort (0ms)
			DisableScriptedObjects (0ms)
			BackupInstance (0ms)
			ReleaseScriptingObjects (0ms)
			CreateAndSetChildDomain (1ms)
		EndReloadAssembly (687ms)
			LoadAssemblies (104ms)
			RebuildTransferFunctionScriptingTraits (0ms)
			SetupTypeCache (120ms)
			ReleaseScriptCaches (0ms)
			RebuildScriptCaches (32ms)
			SetupLoadedEditorAssemblies (461ms)
				LogAssemblyErrors (0ms)
				InitializePlatformSupportModulesInManaged (12ms)
				SetLoadedEditorAssemblies (0ms)
				RefreshPlugins (114ms)
				BeforeProcessingInitializeOnLoad (2ms)
				ProcessInitializeOnLoadAttributes (237ms)
				ProcessInitializeOnLoadMethodAttributes (96ms)
				AfterProcessingInitializeOnLoad (0ms)
				EditorAssembliesLoaded (0ms)
			ExecutionOrderSort2 (0ms)
			AwakeInstancesAfterBackupRestoration (0ms)
Platform modules already initialized, skipping
Registering precompiled user dll's ...
Registered in 0.017019 seconds.
Begin MonoManager ReloadAssembly
Symbol file LoadedFromMemory doesn't match image C:\Users\astro\Documents\GitHub\AudioCITM\Audio\Library\PackageCache\com.unity.visualscripting@1.7.8\Editor\VisualScripting.Core\Dependencies\YamlDotNet\Unity.VisualScripting.YamlDotNet.dll
Symbol file LoadedFromMemory doesn't match image C:\Users\astro\Documents\GitHub\AudioCITM\Audio\Library\PackageCache\com.unity.visualscripting@1.7.8\Editor\VisualScripting.Core\Dependencies\DotNetZip\Unity.VisualScripting.IonicZip.dll
Native extension for WindowsStandalone target not found
Native extension for WebGL target not found
Refreshing native plugins compatible for Editor in 0.73 ms, found 3 plugins.
Preloading 0 native plugins for Editor in 0.00 ms.
Mono: successfully reloaded assembly
- Completed reload, in  1.986 seconds
Domain Reload Profiling:
	ReloadAssembly (1988ms)
		BeginReloadAssembly (208ms)
			ExecutionOrderSort (0ms)
			DisableScriptedObjects (10ms)
			BackupInstance (0ms)
			ReleaseScriptingObjects (0ms)
			CreateAndSetChildDomain (26ms)
		EndReloadAssembly (1538ms)
			LoadAssemblies (181ms)
			RebuildTransferFunctionScriptingTraits (0ms)
			SetupTypeCache (476ms)
			ReleaseScriptCaches (1ms)
			RebuildScriptCaches (96ms)
			SetupLoadedEditorAssemblies (725ms)
				LogAssemblyErrors (0ms)
				InitializePlatformSupportModulesInManaged (13ms)
				SetLoadedEditorAssemblies (1ms)
				RefreshPlugins (1ms)
				BeforeProcessingInitializeOnLoad (171ms)
				ProcessInitializeOnLoadAttributes (469ms)
				ProcessInitializeOnLoadMethodAttributes (43ms)
				AfterProcessingInitializeOnLoad (27ms)
				EditorAssembliesLoaded (0ms)
			ExecutionOrderSort2 (0ms)
			AwakeInstancesAfterBackupRestoration (22ms)
Platform modules already initialized, skipping
========================================================================
Worker process is ready to serve import requests
Launched and connected shader compiler UnityShaderCompiler.exe after 0.12 seconds
Refreshing native plugins compatible for Editor in 0.97 ms, found 3 plugins.
Preloading 0 native plugins for Editor in 0.00 ms.
Unloading 3377 Unused Serialized files (Serialized files now loaded: 0)
Unloading 27 unused Assets / (113.9 KB). Loaded Objects now: 3841.
Memory consumption went from 123.2 MB to 123.0 MB.
Total: 6.708100 ms (FindLiveObjects: 0.379700 ms CreateObjectMapping: 0.174700 ms MarkObjects: 5.940100 ms  DeleteObjects: 0.211700 ms)

AssetImportParameters requested are different than current active one (requested -> active):
  custom:video-decoder-ogg-theora: a1e56fd34408186e4bbccfd4996cb3dc -> 
  custom:container-muxer-webm: aa71ff27fc2769a1b78a27578f13a17b -> 
  custom:container-demuxer-webm: 4f35f7cbe854078d1ac9338744f61a02 -> 
  custom:video-encoder-webm-vp8: eb34c28f22e8b96e1ab97ce403110664 -> 
  custom:video-codec-MediaFoundation-h265: e54d7ab0439102e2317fc1e4b246158d -> 
  custom:audio-encoder-webm-vorbis: bf7c407c2cedff20999df2af8eb42d56 -> 
  custom:framework-win-MediaFoundation: 216162199b28c13a410421893ffa2e32 -> 
  custom:container-demuxer-ogg: 62fdf1f143b41e24485cea50d1cbac27 -> 
  custom:video-decoder-webm-vp8: 9c59270c3fd7afecdb556c50c9e8de78 -> 
  custom:audio-decoder-ogg-vorbis: bf7c407c2cedff20999df2af8eb42d56 -> 
========================================================================
Received Import Request.
  Time since last request: 39792.584337 seconds.
  path: Assets/Ground textures pack/Lava/preview.jpg
  artifactKey: Guid(70e8908fa6e673249ad9ff9cb1f1e13b) Importer(815301076,1909f56bfc062723c751e8b465ee728b)
Start importing Assets/Ground textures pack/Lava/preview.jpg using Guid(70e8908fa6e673249ad9ff9cb1f1e13b) Importer(815301076,1909f56bfc062723c751e8b465ee728b)  -> (artifact id: '8a21f71bac090ebc858b875862548c0a') in 0.212301 seconds 
========================================================================
Received Import Request.
  Time since last request: 0.000038 seconds.
  path: Assets/Ground textures pack/Ground 02
  artifactKey: Guid(3121804de543b564f89f8412869b3b37) Importer(815301076,1909f56bfc062723c751e8b465ee728b)
Start importing Assets/Ground textures pack/Ground 02 using Guid(3121804de543b564f89f8412869b3b37) Importer(815301076,1909f56bfc062723c751e8b465ee728b)  -> (artifact id: 'cc93804901ac830cf37dd658b7804151') in 0.003276 seconds 
========================================================================
Received Import Request.
  Time since last request: 0.000046 seconds.
  path: Assets/Ground textures pack/Lava/emissive.tga
  artifactKey: Guid(c65e186198f501046a0aba89c6335cac) Importer(815301076,1909f56bfc062723c751e8b465ee728b)
Start importing Assets/Ground textures pack/Lava/emissive.tga using Guid(c65e186198f501046a0aba89c6335cac) Importer(815301076,1909f56bfc062723c751e8b465ee728b)  -> (artifact id: 'f3dbdd386668b42874e3aa6849c2b6de') in 0.030455 seconds 
========================================================================
Received Import Request.
  Time since last request: 0.000034 seconds.
  path: Assets/Ground textures pack/Ground 02/normal.tga
  artifactKey: Guid(bf5346a62bd7d0b43a30d8188cf4163e) Importer(815301076,1909f56bfc062723c751e8b465ee728b)
Start importing Assets/Ground textures pack/Ground 02/normal.tga using Guid(bf5346a62bd7d0b43a30d8188cf4163e) Importer(815301076,1909f56bfc062723c751e8b465ee728b)  -> (artifact id: 'b1bf1e08ed121886efdc218276ec3add') in 0.063567 seconds 
========================================================================
Received Import Request.
  Time since last request: 1.158181 seconds.
  path: Assets/Ground textures pack/Ground 01/normal.tga
  artifactKey: Guid(f49b46ff67c24a84ba0cdb7301ab7337) Importer(815301076,1909f56bfc062723c751e8b465ee728b)
Start importing Assets/Ground textures pack/Ground 01/normal.tga using Guid(f49b46ff67c24a84ba0cdb7301ab7337) Importer(815301076,1909f56bfc062723c751e8b465ee728b)  -> (artifact id: 'bf9ff136f9292664a3230c6836b1c60a') in 0.020801 seconds 
========================================================================
Received Import Request.
  Time since last request: 8.828079 seconds.
  path: Assets/Ground textures pack/Ground & weeds/preview.jpg
  artifactKey: Guid(0eea7651b99559648ab8929cb28e591a) Importer(815301076,1909f56bfc062723c751e8b465ee728b)
Start importing Assets/Ground textures pack/Ground & weeds/preview.jpg using Guid(0eea7651b99559648ab8929cb28e591a) Importer(815301076,1909f56bfc062723c751e8b465ee728b)  -> (artifact id: 'b12a84a812db041416b3456895d4c069') in 0.019154 seconds 
========================================================================
Received Import Request.
  Time since last request: 3.482771 seconds.
  path: Assets/Ground textures pack/Ground & rocks 03/preview.jpg
  artifactKey: Guid(451182d55aea8cb4e90af164a14e8bee) Importer(815301076,1909f56bfc062723c751e8b465ee728b)
Start importing Assets/Ground textures pack/Ground & rocks 03/preview.jpg using Guid(451182d55aea8cb4e90af164a14e8bee) Importer(815301076,1909f56bfc062723c751e8b465ee728b)  -> (artifact id: '52bfc49510110937168110eb58759b4a') in 0.020336 seconds 
========================================================================
Received Import Request.
  Time since last request: 3.050392 seconds.
  path: Assets/Ground textures pack/Ground & rocks 02/preview.jpg
  artifactKey: Guid(54092c753f93b1c42b7b1cd5f3333f93) Importer(815301076,1909f56bfc062723c751e8b465ee728b)
Start importing Assets/Ground textures pack/Ground & rocks 02/preview.jpg using Guid(54092c753f93b1c42b7b1cd5f3333f93) Importer(815301076,1909f56bfc062723c751e8b465ee728b)  -> (artifact id: '5abcdedab03c6429e6730256e6811040') in 0.018504 seconds 
========================================================================
Received Import Request.
  Time since last request: 3.560714 seconds.
  path: Assets/Ground textures pack/Ground & rocks 01/preview.jpg
  artifactKey: Guid(e09d437bd6053754dbacb0da105aa9cb) Importer(815301076,1909f56bfc062723c751e8b465ee728b)
Start importing Assets/Ground textures pack/Ground & rocks 01/preview.jpg using Guid(e09d437bd6053754dbacb0da105aa9cb) Importer(815301076,1909f56bfc062723c751e8b465ee728b)  -> (artifact id: '608524b0a7da14dfd39cf706998b7054') in 0.017912 seconds 
========================================================================
Received Import Request.
  Time since last request: 4.013057 seconds.
  path: Assets/Ground textures pack/Ground & moss/preview.jpg
  artifactKey: Guid(89b1108068912fd4e81b047cbe3a5182) Importer(815301076,1909f56bfc062723c751e8b465ee728b)
Start importing Assets/Ground textures pack/Ground & moss/preview.jpg using Guid(89b1108068912fd4e81b047cbe3a5182) Importer(815301076,1909f56bfc062723c751e8b465ee728b)  -> (artifact id: '9ac4268171d24fb992e12173c91a957d') in 0.014557 seconds 
========================================================================
Received Import Request.
  Time since last request: 4.365027 seconds.
  path: Assets/Ground textures pack/Grass 06/preview.jpg
  artifactKey: Guid(923d402301de9714eb824d8234c30919) Importer(815301076,1909f56bfc062723c751e8b465ee728b)
Start importing Assets/Ground textures pack/Grass 06/preview.jpg using Guid(923d402301de9714eb824d8234c30919) Importer(815301076,1909f56bfc062723c751e8b465ee728b)  -> (artifact id: '85e7db8df4afb63fe21e72f9e942999a') in 0.013336 seconds 
========================================================================
Received Import Request.
  Time since last request: 33.856916 seconds.
  path: Assets/Nice Materials Pack 2/Materials/Concrete Wall.mat
  artifactKey: Guid(c294d36e55c2a4948a246b45e6113e91) Importer(815301076,1909f56bfc062723c751e8b465ee728b)
Start importing Assets/Nice Materials Pack 2/Materials/Concrete Wall.mat using Guid(c294d36e55c2a4948a246b45e6113e91) Importer(815301076,1909f56bfc062723c751e8b465ee728b)  -> (artifact id: '5ae68af3f9a24081973b09296aa7b792') in 0.868352 seconds 
========================================================================
Received Import Request.
  Time since last request: 0.000079 seconds.
  path: Assets/Nice Materials Pack 2/Materials/PaintedWall.mat
  artifactKey: Guid(6a15be5e14f6b4dafa01c7005896bece) Importer(815301076,1909f56bfc062723c751e8b465ee728b)
Start importing Assets/Nice Materials Pack 2/Materials/PaintedWall.mat using Guid(6a15be5e14f6b4dafa01c7005896bece) Importer(815301076,1909f56bfc062723c751e8b465ee728b)  -> (artifact id: 'eb46f1a8de0af855ab1ff1f8c6043f76') in 0.891235 seconds 
========================================================================
Received Import Request.
  Time since last request: 53.685964 seconds.
  path: Assets/Nice Materials Pack 2/OtherAssets/Textures/Lino(2K)_OCC.png
  artifactKey: Guid(30b7f28c851e44062812a198a1c67da7) Importer(815301076,1909f56bfc062723c751e8b465ee728b)
Start importing Assets/Nice Materials Pack 2/OtherAssets/Textures/Lino(2K)_OCC.png using Guid(30b7f28c851e44062812a198a1c67da7) Importer(815301076,1909f56bfc062723c751e8b465ee728b)  -> (artifact id: '3c40e51fb1e68220ee792786eea00673') in 0.024974 seconds 
========================================================================
Received Import Request.
  Time since last request: 236.805369 seconds.
  path: Assets/Nice Materials Pack 2/OtherAssets/Textures/Concrete Wall(4K)_COLOR.png
  artifactKey: Guid(51149414fca9e40aba4aa8775ec458dc) Importer(815301076,1909f56bfc062723c751e8b465ee728b)
Start importing Assets/Nice Materials Pack 2/OtherAssets/Textures/Concrete Wall(4K)_COLOR.png using Guid(51149414fca9e40aba4aa8775ec458dc) Importer(815301076,1909f56bfc062723c751e8b465ee728b)  -> (artifact id: 'bbd2951dd5146340687f100984ca159d') in 0.022121 seconds 
========================================================================
Received Import Request.
  Time since last request: 0.000029 seconds.
  path: Assets/Nice Materials Pack 2/OtherAssets/Textures/Concrete Wall(4K)_SPEC.png
  artifactKey: Guid(1f52e7b5254174e14b0a9fc26baac3fb) Importer(815301076,1909f56bfc062723c751e8b465ee728b)
Start importing Assets/Nice Materials Pack 2/OtherAssets/Textures/Concrete Wall(4K)_SPEC.png using Guid(1f52e7b5254174e14b0a9fc26baac3fb) Importer(815301076,1909f56bfc062723c751e8b465ee728b)  -> (artifact id: '01ed71d0680e5911b085c6762aaf28d3') in 0.023703 seconds 
Editor requested this worker to shutdown with reason: Scaling down because of idle timeout
AssetImportWorker is now disconnected from the server
Process exiting
Exiting without the bug reporter. Application will terminate with return code 0